<?xml version="1.0" encoding="utf-8"?><testsuites name="pytest tests"><testsuite name="pytest" errors="0" failures="0" skipped="0" tests="37" time="2.275" timestamp="2026-05-22T14:45:11.345382+00:00" hostname="agent-env-fc5a3aaa-4f14-4857-bcc5-cf7de153106a"><testcase classname="backend.tests.test_timeright_api.TestHealth" name="test_root_health" time="0.004" /><testcase classname="backend.tests.test_timeright_api.TestAuth" name="test_register_success" time="0.104" /><testcase classname="backend.tests.test_timeright_api.TestAuth" name="test_register_duplicate_email" time="0.045" /><testcase classname="backend.tests.test_timeright_api.TestAuth" name="test_register_duplicate_cpf" time="0.043" /><testcase classname="backend.tests.test_timeright_api.TestAuth" name="test_login_valid" time="0.099" /><testcase classname="backend.tests.test_timeright_api.TestAuth" name="test_login_invalid" time="0.099" /><testcase classname="backend.tests.test_timeright_api.TestAuth" name="test_me" time="0.044" /><testcase classname="backend.tests.test_timeright_api.TestAuth" name="test_update_me" time="0.044" /><testcase classname="backend.tests.test_timeright_api.TestAuth" name="test_forgot_password_known" time="0.044" /><testcase classname="backend.tests.test_timeright_api.TestAuth" name="test_forgot_password_unknown" time="0.044" /><testcase classname="backend.tests.test_timeright_api.TestServices" name="test_list_services" time="0.044" /><testcase classname="backend.tests.test_timeright_api.TestServices" name="test_categories" time="0.044" /><testcase classname="backend.tests.test_timeright_api.TestServices" name="test_filter_by_category" time="0.043" /><testcase classname="backend.tests.test_timeright_api.TestServices" name="test_get_service_by_id" time="0.043" /><testcase classname="backend.tests.test_timeright_api.TestServices" name="test_get_service_404" time="0.042" /><testcase classname="backend.tests.test_timeright_api.TestProfessionals" name="test_list_pros" time="0.043" /><testcase classname="backend.tests.test_timeright_api.TestProfessionals" name="test_filter_pros_by_service" time="0.043" /><testcase classname="backend.tests.test_timeright_api.TestProfessionals" name="test_get_pro_by_id" time="0.044" /><testcase classname="backend.tests.test_timeright_api.TestProfessionals" name="test_favorite_toggle" time="0.129" /><testcase classname="backend.tests.test_timeright_api.TestAvailability" name="test_slots_available_future" time="0.046" /><testcase classname="backend.tests.test_timeright_api.TestAvailability" name="test_slots_today_within_12h_filtered" time="0.044" /><testcase classname="backend.tests.test_timeright_api.TestBookings" name="test_create_booking_too_soon" time="0.044" /><testcase classname="backend.tests.test_timeright_api.TestBookings" name="test_create_booking_invalid_coupon" time="0.046" /><testcase classname="backend.tests.test_timeright_api.TestBookings" name="test_create_booking_with_coupon" time="0.090" /><testcase classname="backend.tests.test_timeright_api.TestBookings" name="test_create_booking_slot_conflict" time="0.091" /><testcase classname="backend.tests.test_timeright_api.TestBookings" name="test_create_booking_basic_for_review" time="0.046" /><testcase classname="backend.tests.test_timeright_api.TestBookings" name="test_list_upcoming" time="0.044" /><testcase classname="backend.tests.test_timeright_api.TestBookings" name="test_list_past" time="0.044" /><testcase classname="backend.tests.test_timeright_api.TestBookings" name="test_cancel_booking" time="0.136" /><testcase classname="backend.tests.test_timeright_api.TestBookings" name="test_complete_booking" time="0.087" /><testcase classname="backend.tests.test_timeright_api.TestReviews" name="test_review_rating_out_of_range" time="0.043" /><testcase classname="backend.tests.test_timeright_api.TestReviews" name="test_create_review_success" time="0.176" /><testcase classname="backend.tests.test_timeright_api.TestReviews" name="test_review_twice_same_booking" time="0.044" /><testcase classname="backend.tests.test_timeright_api.TestMisc" name="test_coupons" time="0.043" /><testcase classname="backend.tests.test_timeright_api.TestMisc" name="test_notifications_has_welcome" time="0.044" /><testcase classname="backend.tests.test_timeright_api.TestMisc" name="test_notifications_read_all" time="0.086" /><testcase classname="backend.tests.test_timeright_api.TestMisc" name="test_salon" time="0.043" /></testsuite></testsuites>